[debug] [2025-01-24T15:17:09.443Z] ----------------------------------------------------------------------
[debug] [2025-01-24T15:17:09.451Z] Command:       C:\Program Files\nodejs\node.exe C:\Users\HP\AppData\Roaming\npm\node_modules\firebase-tools\lib\bin\firebase.js init
[debug] [2025-01-24T15:17:09.452Z] CLI Version:   13.29.2
[debug] [2025-01-24T15:17:09.452Z] Platform:      win32
[debug] [2025-01-24T15:17:09.452Z] Node Version:  v20.15.0
[debug] [2025-01-24T15:17:09.452Z] Time:          Fri Jan 24 2025 21:17:09 GMT+0600 (Bangladesh Standard Time)
[debug] [2025-01-24T15:17:09.453Z] ----------------------------------------------------------------------
[debug] 
[debug] [2025-01-24T15:17:09.456Z] >>> [apiv2][query] GET https://firebase-public.firebaseio.com/cli.json [none]
[debug] [2025-01-24T15:17:09.530Z] > command requires scopes: ["email","openid","https://www.googleapis.com/auth/cloudplatformprojects.readonly","https://www.googleapis.com/auth/firebase","https://www.googleapis.com/auth/cloud-platform"]
[debug] [2025-01-24T15:17:09.530Z] > authorizing via signed-in user (tarikuzzamantuhin920@gmail.com)
[info] 
     ######## #### ########  ######## ########     ###     ######  ########
     ##        ##  ##     ## ##       ##     ##  ##   ##  ##       ##
     ######    ##  ########  ######   ########  #########  ######  ######
     ##        ##  ##    ##  ##       ##     ## ##     ##       ## ##
     ##       #### ##     ## ######## ########  ##     ##  ######  ########

You're about to initialize a Firebase project in this directory:

  D:\my-pojects\blog-space

[debug] [2025-01-24T15:17:10.270Z] <<< [apiv2][status] GET https://firebase-public.firebaseio.com/cli.json 200
[debug] [2025-01-24T15:17:10.271Z] <<< [apiv2][body] GET https://firebase-public.firebaseio.com/cli.json {"cloudBuildErrorAfter":1594252800000,"cloudBuildWarnAfter":1590019200000,"defaultNode10After":1594252800000,"minVersion":"3.0.5","node8DeploysDisabledAfter":1613390400000,"node8RuntimeDisabledAfter":1615809600000,"node8WarnAfter":1600128000000}
[info] 
=== Project Setup
[info] 
[info] First, let's associate this project directory with a Firebase project.
[info] You can create multiple project aliases by running firebase use --add, 
[info] but for now we'll just set up a default project.
[info] 
[info] i  If you want to create a project in a Google Cloud organization or folder, please use "firebase projects:create" instead, and return to this command when you've created the project. 
